======================================================================
­ƒôê CRIANDO 30 A├ç├òES PARA INVESTIMENTO
======================================================================

ÔÜá´©Å  A├º├úo 1/30: AETH3 j├í existe - pulando
ÔÜá´©Å  A├º├úo 2/30: CPYTO j├í existe - pulando
ÔÜá´©Å  A├º├úo 3/30: BLCKCHN j├í existe - pulando
ÔÜá´©Å  A├º├úo 4/30: QNTM4 j├í existe - pulando
ÔÜá´©Å  A├º├úo 5/30: AIML3 j├í existe - pulando
ÔÜá´©Å  A├º├úo 6/30: CYBR4 j├í existe - pulando
ÔÜá´©Å  A├º├úo 7/30: CLOD3 j├í existe - pulando
ÔÜá´©Å  A├º├úo 8/30: SOFT4 j├í existe - pulando
ÔÜá´©Å  A├º├úo 9/30: DATA3 j├í existe - pulando
ÔÜá´©Å  A├º├úo 10/30: TECH4 j├í existe - pulando
ÔÜá´©Å  A├º├úo 11/30: SLAR3 j├í existe - pulando
ÔÜá´©Å  A├º├úo 12/30: WNDP4 j├í existe - pulando
ÔÜá´©Å  A├º├úo 13/30: HYDR3 j├í existe - pulando
ÔÜá´©Å  A├º├úo 14/30: NUCL4 j├í existe - pulando
ÔÜá´©Å  A├º├úo 15/30: BIOF3 j├í existe - pulando
ÔÜá´©Å  A├º├úo 16/30: GEOT4 j├í existe - pulando
ÔÜá´©Å  A├º├úo 17/30: ENRG3 j├í existe - pulando
ÔÜá´©Å  A├º├úo 18/30: BANK4 j├í existe - pulando
ÔÜá´©Å  A├º├úo 19/30: INVE3 j├í existe - pulando
ÔÜá´©Å  A├º├úo 20/30: FINT4 j├í existe - pulando
ÔÜá´©Å  A├º├úo 21/30: CRED3 j├í existe - pulando
ÔÜá´©Å  A├º├úo 22/30: SEGR4 j├í existe - pulando
ÔÜá´©Å  A├º├úo 23/30: ASSE3 j├í existe - pulando
ÔÜá´©Å  A├º├úo 24/30: HLTH3 j├í existe - pulando
ÔÜá´©Å  A├º├úo 25/30: PHMA4 j├í existe - pulando
ÔÜá´©Å  A├º├úo 26/30: HOSP3 j├í existe - pulando
ÔÜá´©Å  A├º├úo 27/30: BIOT4 j├í existe - pulando
ÔÜá´©Å  A├º├úo 28/30: RETR3 j├í existe - pulando
ÔÜá´©Å  A├º├úo 29/30: AGRO4 j├í existe - pulando
ÔÜá´©Å  A├º├úo 30/30: LOGX3 j├í existe - pulando
ÔòÉÔòÉÔòÉÔòÉÔòÉÔòÉÔòÉÔòÉÔòÉÔòÉÔòÉÔòÉÔòÉÔòÉÔòÉÔòÉÔòÉÔòÉÔòÉÔòÉÔòÉÔòÉÔòÉÔòÉÔòÉÔòÉÔòÉÔòÉÔòÉÔòÉÔòÉÔòÉÔòÉÔòÉÔòÉÔòÉÔòÉÔòÉÔòÉÔòÉÔòÉÔòÉÔòÉÔòÉÔòÉÔòÉÔòÉÔòÉÔòÉÔòÉÔòÉÔòÉÔòÉÔòÉÔòÉÔòÉÔòÉÔòÉÔòÉÔòÉÔòÉÔòÉÔòÉÔòÉÔòÉÔòÉÔòÉÔòÉÔòÉÔòÉ
Ô£à 0 A├ç├òES CRIADAS COM SUCESSO!
Ô£à Dados salvos em: acao.txt
ÔòÉÔòÉÔòÉÔòÉÔòÉÔòÉÔòÉÔòÉÔòÉÔòÉÔòÉÔòÉÔòÉÔòÉÔòÉÔòÉÔòÉÔòÉÔòÉÔòÉÔòÉÔòÉÔòÉÔòÉÔòÉÔòÉÔòÉÔòÉÔòÉÔòÉÔòÉÔòÉÔòÉÔòÉÔòÉÔòÉÔòÉÔòÉÔòÉÔòÉÔòÉÔòÉÔòÉÔòÉÔòÉÔòÉÔòÉÔòÉÔòÉÔòÉÔòÉÔòÉÔòÉÔòÉÔòÉÔòÉÔòÉÔòÉÔòÉÔòÉÔòÉÔòÉÔòÉÔòÉÔòÉÔòÉÔòÉÔòÉÔòÉÔòÉ
